mode: atomic
github.com/chris/system-design-library/pkg/config/config.go:9.32,11.16 2 2
github.com/chris/system-design-library/pkg/config/config.go:11.16,13.3 1 2
github.com/chris/system-design-library/pkg/config/config.go:15.2,15.16 1 2
github.com/chris/system-design-library/pkg/config/config.go:15.16,17.3 1 0
github.com/chris/system-design-library/pkg/config/config.go:19.2,19.12 1 2
github.com/chris/system-design-library/pkg/hasher/hasher.go:14.20,16.2 1 1
github.com/chris/system-design-library/pkg/hasher/hasher.go:18.56,20.43 2 1
github.com/chris/system-design-library/pkg/hasher/hasher.go:20.43,22.3 1 0
github.com/chris/system-design-library/pkg/hasher/hasher.go:24.2,29.52 4 1
github.com/chris/system-design-library/pkg/hasher/hasher.go:32.60,34.21 2 2
github.com/chris/system-design-library/pkg/hasher/hasher.go:34.21,36.3 1 0
github.com/chris/system-design-library/pkg/hasher/hasher.go:38.2,39.16 2 2
github.com/chris/system-design-library/pkg/hasher/hasher.go:39.16,41.3 1 0
github.com/chris/system-design-library/pkg/hasher/hasher.go:43.2,46.28 3 2
github.com/chris/system-design-library/pkg/database/postgres.go:20.40,27.16 3 0
github.com/chris/system-design-library/pkg/database/postgres.go:27.16,29.3 1 0
github.com/chris/system-design-library/pkg/database/postgres.go:31.2,31.16 1 0
github.com/chris/system-design-library/pkg/logger/logger.go:13.35,19.26 3 0
github.com/chris/system-design-library/pkg/logger/logger.go:19.26,21.3 1 0
github.com/chris/system-design-library/pkg/logger/logger.go:21.8,23.3 1 0
github.com/chris/system-design-library/pkg/logger/logger.go:25.2,28.15 3 0
github.com/chris/system-design-library/pkg/logger/logger.go:31.42,32.15 1 0
github.com/chris/system-design-library/pkg/logger/logger.go:33.15,34.25 1 0
github.com/chris/system-design-library/pkg/logger/logger.go:35.14,36.24 1 0
github.com/chris/system-design-library/pkg/logger/logger.go:37.14,38.24 1 0
github.com/chris/system-design-library/pkg/logger/logger.go:39.15,40.25 1 0
github.com/chris/system-design-library/pkg/logger/logger.go:41.10,42.24 1 0
github.com/chris/system-design-library/pkg/test/container.go:18.51,33.16 5 0
github.com/chris/system-design-library/pkg/test/container.go:33.16,35.3 1 0
github.com/chris/system-design-library/pkg/test/container.go:37.2,38.16 2 0
github.com/chris/system-design-library/pkg/test/container.go:38.16,40.3 1 0
github.com/chris/system-design-library/pkg/test/container.go:42.2,42.20 1 0
github.com/chris/system-design-library/pkg/test/container.go:42.20,43.69 1 0
github.com/chris/system-design-library/pkg/test/container.go:43.69,45.4 1 0
github.com/chris/system-design-library/pkg/test/container.go:48.2,48.25 1 0
github.com/chris/system-design-library/pkg/test/container.go:52.48,62.16 5 0
github.com/chris/system-design-library/pkg/test/container.go:62.16,64.3 1 0
github.com/chris/system-design-library/pkg/test/container.go:66.2,67.16 2 0
github.com/chris/system-design-library/pkg/test/container.go:67.16,69.3 1 0
github.com/chris/system-design-library/pkg/test/container.go:71.2,71.20 1 0
github.com/chris/system-design-library/pkg/test/container.go:71.20,72.72 1 0
github.com/chris/system-design-library/pkg/test/container.go:72.72,74.4 1 0
github.com/chris/system-design-library/pkg/test/container.go:77.2,77.25 1 0
github.com/chris/system-design-library/pkg/test/suite.go:18.29,20.2 1 0
github.com/chris/system-design-library/pkg/test/suite.go:23.24,25.2 1 0
github.com/chris/system-design-library/pkg/test/suite.go:28.45,30.2 1 0
github.com/chris/system-design-library/pkg/test/suite.go:33.46,35.2 1 0
github.com/chris/system-design-library/pkg/server/server.go:24.48,32.53 6 0
github.com/chris/system-design-library/pkg/server/server.go:32.53,33.37 1 0
github.com/chris/system-design-library/pkg/server/server.go:33.37,45.4 5 0
github.com/chris/system-design-library/pkg/server/server.go:48.2,48.45 1 0
github.com/chris/system-design-library/pkg/server/server.go:51.32,54.2 2 0
github.com/chris/system-design-library/pkg/server/server.go:56.36,58.2 1 0
github.com/chris/system-design-library/pkg/server/server.go:60.54,62.2 1 0
github.com/chris/system-design-library/pkg/mongo/mongo.go:15.66,20.16 4 0
github.com/chris/system-design-library/pkg/mongo/mongo.go:20.16,22.3 1 0
github.com/chris/system-design-library/pkg/mongo/mongo.go:24.2,24.46 1 0
github.com/chris/system-design-library/pkg/mongo/mongo.go:24.46,26.3 1 0
github.com/chris/system-design-library/pkg/mongo/mongo.go:28.2,28.20 1 0
github.com/chris/system-design-library/pkg/httpclient/client.go:12.20,23.2 1 0
github.com/chris/system-design-library/pkg/grpc/server.go:21.48,25.2 3 0
github.com/chris/system-design-library/pkg/grpc/server.go:27.32,29.16 2 0
github.com/chris/system-design-library/pkg/grpc/server.go:29.16,31.3 1 0
github.com/chris/system-design-library/pkg/grpc/server.go:32.2,33.25 2 0
github.com/chris/system-design-library/pkg/grpc/server.go:36.38,38.2 1 0
github.com/chris/system-design-library/pkg/grpc/server.go:40.25,42.2 1 0
github.com/chris/system-design-library/pkg/events/events.go:19.51,21.16 2 0
github.com/chris/system-design-library/pkg/events/events.go:21.16,23.3 1 0
github.com/chris/system-design-library/pkg/events/events.go:24.2,24.39 1 0
github.com/chris/system-design-library/pkg/events/events.go:27.88,29.2 1 0
github.com/chris/system-design-library/pkg/events/events.go:31.105,32.56 1 0
github.com/chris/system-design-library/pkg/events/events.go:32.56,34.3 1 0
github.com/chris/system-design-library/pkg/events/events.go:35.2,35.12 1 0
github.com/chris/system-design-library/pkg/events/events.go:38.34,40.2 1 0
github.com/chris/system-design-library/pkg/redis/redis.go:20.39,30.44 4 0
github.com/chris/system-design-library/pkg/redis/redis.go:30.44,32.3 1 0
github.com/chris/system-design-library/pkg/redis/redis.go:34.2,34.26 1 0
github.com/chris/system-design-library/pkg/jwt/jwt.go:19.36,21.2 1 2
github.com/chris/system-design-library/pkg/jwt/jwt.go:23.64,31.2 3 2
github.com/chris/system-design-library/pkg/jwt/jwt.go:33.76,34.83 1 3
github.com/chris/system-design-library/pkg/jwt/jwt.go:34.83,35.58 1 2
github.com/chris/system-design-library/pkg/jwt/jwt.go:35.58,37.4 1 0
github.com/chris/system-design-library/pkg/jwt/jwt.go:38.3,38.35 1 2
github.com/chris/system-design-library/pkg/jwt/jwt.go:41.2,41.16 1 3
github.com/chris/system-design-library/pkg/jwt/jwt.go:41.16,43.3 1 2
github.com/chris/system-design-library/pkg/jwt/jwt.go:45.2,45.67 1 1
github.com/chris/system-design-library/pkg/jwt/jwt.go:45.67,47.3 1 1
github.com/chris/system-design-library/pkg/jwt/jwt.go:49.2,49.41 1 0
github.com/chris/system-design-library/pkg/errors/errors.go:14.35,15.18 1 1
github.com/chris/system-design-library/pkg/errors/errors.go:15.18,17.3 1 1
github.com/chris/system-design-library/pkg/errors/errors.go:18.2,18.18 1 0
github.com/chris/system-design-library/pkg/errors/errors.go:21.35,23.2 1 1
github.com/chris/system-design-library/pkg/errors/errors.go:25.57,31.2 1 3
github.com/chris/system-design-library/pkg/errors/errors.go:34.48,36.2 1 1
github.com/chris/system-design-library/pkg/errors/errors.go:38.55,40.2 1 1
github.com/chris/system-design-library/pkg/errors/errors.go:42.52,44.2 1 0
github.com/chris/system-design-library/pkg/errors/errors.go:46.36,48.2 1 0
github.com/chris/system-design-library/pkg/validator/validator.go:11.23,15.2 1 1
github.com/chris/system-design-library/pkg/validator/validator.go:17.57,19.2 1 4
